# vsim -sv_lib ../../../lib/uvm_dpi -c -do "run -all; q" -l questa.log -f questa.tops 
# Start time: 17:31:13 on Oct 04,2022
# ** Note: (vsim-3812) Design is being optimized...
# //  Questa Sim-64
# //  Version 10.7d_1 linux_x86_64 May  8 2019
# //
# //  Copyright 1991-2019 Mentor Graphics Corporation
# //  All Rights Reserved.
# //
# //  QuestaSim and its associated documentation contain trade
# //  secrets and commercial or financial information that are the property of
# //  Mentor Graphics Corporation and are privileged, confidential,
# //  and exempt from disclosure under the Freedom of Information Act,
# //  5 U.S.C. Section 552. Furthermore, this information
# //  is prohibited from disclosure under the Trade Secrets Act,
# //  18 U.S.C. Section 1905.
# //
# ** Note: (vsim-8785) UVM-aware debugging capabilities will be disabled since no compiled "questa_uvm_pkg" can be found.
# This also means that later if you turn on UVM-aware debugging your debug simulations may have
# different random seeds from your non-debug simulations.
# Loading sv_std.std
# Loading work.uvm_pkg(fast)
# Loading work.bus_driver_pkg(fast)
# Loading work.uvm_sv_unit(fast)
# Loading work.top(fast)
# Loading ./../../../lib/uvm_dpi.so
# run -all
# ----------------------------------------------------------------
# UVM-1.1d
# (C) 2007-2013 Mentor Graphics Corporation
# (C) 2007-2013 Cadence Design Systems, Inc.
# (C) 2006-2013 Synopsys, Inc.
# (C) 2011-2013 Cypress Semiconductor Corp.
# ----------------------------------------------------------------
# 
#   ***********       IMPORTANT RELEASE NOTES         ************
# 
#   You are using a version of the UVM library that has been compiled
#   with `UVM_NO_DEPRECATED undefined.
#   See http://www.eda.org/svdb/view.php?id=3313 for more details.
# 
#   You are using a version of the UVM library that has been compiled
#   with `UVM_OBJECT_MUST_HAVE_CONSTRUCTOR undefined.
#   See http://www.eda.org/svdb/view.php?id=3770 for more details.
# 
#       (Specify +UVM_NO_RELNOTES to turn off this notice)
# 
# Registered callbacks for all instances of bus_driver
# ---------------------------------------------------------------
# cb1   on driver  ON
# cb2   on driver  ON
# UVM_INFO @ 0: driver [bus_tr received] addr=1 data=5
# UVM_INFO @ 0: driver [trans_received_cb]   bus_driver=driver tr=addr=1 data=5
# UVM_INFO @ 100: driver [trans_executed_cb]   bus_driver=driver tr=addr=1 data=5
# UVM_INFO @ 100: driver [trans_executed_cb2]   bus_driver=driver tr=addr=1 data=5
# UVM_INFO @ 100: driver [bus_tr executed] addr=1 data=5
# 
# UVM_INFO @ 100: driver [bus_tr received] addr=2 data=4
# UVM_INFO @ 100: driver [trans_received_cb]   bus_driver=driver tr=addr=2 data=4
# UVM_INFO @ 100: driver [bus_tr dropped] user callback indicated DROPPED
# 
# UVM_INFO @ 100: driver [bus_tr received] addr=3 data=3
# UVM_INFO @ 100: driver [trans_received_cb]   bus_driver=driver tr=addr=3 data=3
# UVM_INFO @ 200: driver [trans_executed_cb]   bus_driver=driver tr=addr=3 data=3
# UVM_INFO @ 200: driver [trans_executed_cb2]   bus_driver=driver tr=addr=3 data=3
# UVM_INFO @ 200: driver [bus_tr executed] addr=3 data=3
# 
# UVM_INFO @ 200: driver [bus_tr received] addr=4 data=2
# UVM_INFO @ 200: driver [trans_received_cb]   bus_driver=driver tr=addr=4 data=2
# UVM_INFO @ 200: driver [bus_tr dropped] user callback indicated DROPPED
# 
# UVM_INFO @ 200: driver [bus_tr received] addr=5 data=1
# UVM_INFO @ 200: driver [trans_received_cb]   bus_driver=driver tr=addr=5 data=1
# UVM_INFO @ 300: driver [trans_executed_cb]   bus_driver=driver tr=addr=5 data=1
# UVM_INFO @ 300: driver [trans_executed_cb2]   bus_driver=driver tr=addr=5 data=1
# UVM_INFO @ 300: driver [bus_tr executed] addr=5 data=1
# 
# 
# --- UVM Report Summary ---
# 
# ** Report counts by severity
# UVM_INFO :   21
# UVM_WARNING :    0
# UVM_ERROR :    0
# UVM_FATAL :    0
# ** Report counts by id
# [bus_tr dropped]     2
# [bus_tr executed]     3
# [bus_tr received]     5
# [trans_executed_cb]     3
# [trans_executed_cb2]     3
# [trans_received_cb]     5
#  q
# End time: 17:31:16 on Oct 04,2022, Elapsed time: 0:00:03
# Errors: 0, Warnings: 0
